This is pdfTeX, Version 3.14159265-2.6-1.40.20 (TeX Live 2019/Debian) (preloaded format=pdflatex 2023.5.30)  29 NOV 2023 13:43
entering extended mode
 restricted \write18 enabled.
 %&-line parsing enabled.
**Redaction2.tex
(./Redaction2.tex
LaTeX2e <2020-02-02> patch level 2
L3 programming layer <2020-02-14> (./memoireuqam1.3.cls
Document Class: memoireuqam1.3 2018/11/23 v1.3N Format LaTeX pour les memoires 
a l'UQAM.
(/usr/share/texlive/texmf-dist/tex/latex/base/report.cls
Document Class: report 2019/12/20 v1.4l Standard LaTeX document class
(/usr/share/texlive/texmf-dist/tex/latex/base/size12.clo
File: size12.clo 2019/12/20 v1.4l Standard LaTeX file (size option)
)
\c@part=\count167
\c@chapter=\count168
\c@section=\count169
\c@subsection=\count170
\c@subsubsection=\count171
\c@paragraph=\count172
\c@subparagraph=\count173
\c@figure=\count174
\c@table=\count175
\abovecaptionskip=\skip47
\belowcaptionskip=\skip48
\bibindent=\dimen134
)
\simpleinter=\skip49
\doubleinter=\skip50
)
(/usr/share/texlive/texmf-dist/tex/latex/graphics/graphicx.sty
Package: graphicx 2019/11/30 v1.2a Enhanced LaTeX Graphics (DPC,SPQR)

(/usr/share/texlive/texmf-dist/tex/latex/graphics/keyval.sty
Package: keyval 2014/10/28 v1.15 key=value parser (DPC)
\KV@toks@=\toks14
)
(/usr/share/texlive/texmf-dist/tex/latex/graphics/graphics.sty
Package: graphics 2019/11/30 v1.4a Standard LaTeX Graphics (DPC,SPQR)

(/usr/share/texlive/texmf-dist/tex/latex/graphics/trig.sty
Package: trig 2016/01/03 v1.10 sin cos tan (DPC)
)
(/usr/share/texlive/texmf-dist/tex/latex/graphics-cfg/graphics.cfg
File: graphics.cfg 2016/06/04 v1.11 sample graphics configuration
)
Package graphics Info: Driver file: pdftex.def on input line 105.

(/usr/share/texlive/texmf-dist/tex/latex/graphics-def/pdftex.def
File: pdftex.def 2018/01/08 v1.0l Graphics/color driver for pdftex
))
\Gin@req@height=\dimen135
\Gin@req@width=\dimen136
)
(/usr/share/texlive/texmf-dist/tex/generic/babel/babel.sty
Package: babel 2020/02/14 3.40 The Babel package

(/usr/share/texlive/texmf-dist/tex/generic/babel/switch.def
File: switch.def 2020/02/14 3.40 Babel switching mechanism
)
(/usr/share/texlive/texmf-dist/tex/generic/babel-french/french.ldf
Language: french 2020/01/30 v3.5g French support from the babel system

(/usr/share/texlive/texmf-dist/tex/generic/babel/babel.def
File: babel.def 2020/02/14 3.40 Babel common definitions
\babel@savecnt=\count176
\U@D=\dimen137

(/usr/share/texlive/texmf-dist/tex/generic/babel/txtbabel.def)
\bbl@readstream=\read2
\bbl@dirlevel=\count177
)
Package babel Info: \l@acadian = using hyphenrules for french
(babel)             (\language29) on input line 91.
Package babel Info: \l@canadien = using hyphenrules for french
(babel)             (\language29) on input line 92.
\FB@nonchar=\count178
Package babel Info: Making : an active character on input line 419.
Package babel Info: Making ; an active character on input line 420.
Package babel Info: Making ! an active character on input line 421.
Package babel Info: Making ? an active character on input line 422.
\FBguill@level=\count179
\FBold@everypar=\toks15
\FB@Mht=\dimen138
\mc@charclass=\count180
\mc@charfam=\count181
\mc@charslot=\count182
\std@mcc=\count183
\dec@mcc=\count184
\c@FBcaption@count=\count185
\listindentFB=\dimen139
\descindentFB=\dimen140
\labelindentFB=\dimen141
\labelwidthFB=\dimen142
\leftmarginFB=\dimen143
\parindentFFN=\dimen144
\FBfnindent=\dimen145
))
(/usr/share/texlive/texmf-dist/tex/latex/carlisle/scalefnt.sty)
(/usr/share/texlive/texmf-dist/tex/latex/base/inputenc.sty
Package: inputenc 2018/08/11 v1.3c Input encoding file
\inpenc@prehook=\toks16
\inpenc@posthook=\toks17
)
(/usr/share/texlive/texmf-dist/tex/latex/natbib/natbib.sty
Package: natbib 2010/09/13 8.31b (PWD, AO)
\bibhang=\skip51
\bibsep=\skip52
LaTeX Info: Redefining \cite on input line 694.
\c@NAT@ctr=\count186
)
(/usr/share/texlive/texmf-dist/tex/latex/base/fontenc.sty
Package: fontenc 2020/02/11 v2.0o Standard LaTeX package
)
(/usr/share/texlive/texmf-dist/tex/latex/url/url.sty
\Urlmuskip=\muskip16
Package: url 2013/09/16  ver 3.4  Verb mode for urls, etc.
)
(/usr/share/texlive/texmf-dist/tex/latex/crossword/cwpuzzle.sty
Package: cwpuzzle 2014/01/12 1.9 for typesetting crossword puzzles and more. 
Package: cwpuzzle 2014/01/12gene
(/usr/share/texlive/texmf-dist/tex/latex/amsfonts/amssymb.sty
Package: amssymb 2013/01/14 v3.01 AMS font symbols

(/usr/share/texlive/texmf-dist/tex/latex/amsfonts/amsfonts.sty
Package: amsfonts 2013/01/14 v3.01 Basic AMSFonts support
\@emptytoks=\toks18
\symAMSa=\mathgroup4
\symAMSb=\mathgroup5
LaTeX Font Info:    Redeclaring math symbol \hbar on input line 98.
LaTeX Font Info:    Overwriting math alphabet `\mathfrak' in version `bold'
(Font)                  U/euf/m/n --> U/euf/b/n on input line 106.
))
\PuzzleUnitlength=\dimen146
\Puzzle@X=\count187
\Puzzle@Y=\count188
)
(/usr/share/texlive/texmf-dist/tex/latex/xcolor/xcolor.sty
Package: xcolor 2016/05/11 v2.12 LaTeX color extensions (UK)

(/usr/share/texlive/texmf-dist/tex/latex/graphics-cfg/color.cfg
File: color.cfg 2016/01/02 v1.6 sample color configuration
)
Package xcolor Info: Driver file: pdftex.def on input line 225.
Package xcolor Info: Model `cmy' substituted by `cmy0' on input line 1348.
Package xcolor Info: Model `hsb' substituted by `rgb' on input line 1352.
Package xcolor Info: Model `RGB' extended on input line 1364.
Package xcolor Info: Model `HTML' substituted by `rgb' on input line 1366.
Package xcolor Info: Model `Hsb' substituted by `hsb' on input line 1367.
Package xcolor Info: Model `tHsb' substituted by `hsb' on input line 1368.
Package xcolor Info: Model `HSB' substituted by `hsb' on input line 1369.
Package xcolor Info: Model `Gray' substituted by `gray' on input line 1370.
Package xcolor Info: Model `wave' substituted by `hsb' on input line 1371.
)
(/usr/share/texlive/texmf-dist/tex/latex/listings/listings.sty
\lst@mode=\count189
\lst@gtempboxa=\box45
\lst@token=\toks19
\lst@length=\count190
\lst@currlwidth=\dimen147
\lst@column=\count191
\lst@pos=\count192
\lst@lostspace=\dimen148
\lst@width=\dimen149
\lst@newlines=\count193
\lst@lineno=\count194
\lst@maxwidth=\dimen150

(/usr/share/texlive/texmf-dist/tex/latex/listings/lstmisc.sty
File: lstmisc.sty 2019/09/10 1.8c (Carsten Heinz)
\c@lstnumber=\count195
\lst@skipnumbers=\count196
\lst@framebox=\box46
)
(/usr/share/texlive/texmf-dist/tex/latex/listings/listings.cfg
File: listings.cfg 2019/09/10 1.8c listings configuration
))
Package: listings 2019/09/10 1.8c (Carsten Heinz)

(/usr/share/texlive/texmf-dist/tex/latex/logicpuzzle/logicpuzzle.sty
Package: logicpuzzle 2014/06/15 v2.5 logicpuzzle.sty- Josef Kleber (C) 2013-201
4

(/usr/share/texlive/texmf-dist/tex/latex/xkeyval/xkeyval.sty
Package: xkeyval 2014/12/03 v2.7a package option processing (HA)

(/usr/share/texlive/texmf-dist/tex/generic/xkeyval/xkeyval.tex
(/usr/share/texlive/texmf-dist/tex/generic/xkeyval/xkvutils.tex
\XKV@toks=\toks20
\XKV@tempa@toks=\toks21
)
\XKV@depth=\count197
File: xkeyval.tex 2014/12/03 v2.7a key=value parser (HA)
))
(/usr/share/texlive/texmf-dist/tex/latex/base/ifthen.sty
Package: ifthen 2014/09/29 v1.1c Standard LaTeX ifthen package (DPC)
)
(/usr/share/texlive/texmf-dist/tex/latex/ragged2e/ragged2e.sty
Package: ragged2e 2019/07/28 v2.2 ragged2e Package (MS)

(/usr/share/texlive/texmf-dist/tex/latex/ms/everysel.sty
Package: everysel 2011/10/28 v1.2 EverySelectfont Package (MS)
)
\CenteringLeftskip=\skip53
\RaggedLeftLeftskip=\skip54
\RaggedRightLeftskip=\skip55
\CenteringRightskip=\skip56
\RaggedLeftRightskip=\skip57
\RaggedRightRightskip=\skip58
\CenteringParfillskip=\skip59
\RaggedLeftParfillskip=\skip60
\RaggedRightParfillskip=\skip61
\JustifyingParfillskip=\skip62
\CenteringParindent=\skip63
\RaggedLeftParindent=\skip64
\RaggedRightParindent=\skip65
\JustifyingParindent=\skip66
)
(/usr/share/texlive/texmf-dist/tex/latex/marginnote/marginnote.sty
Package: marginnote 2018/08/09 v1.4b non floating margin notes for LaTeX
\c@mn@abspage=\count198
)
(/usr/share/texlive/texmf-dist/tex/latex/pgf/frontendlayer/tikz.sty
(/usr/share/texlive/texmf-dist/tex/latex/pgf/basiclayer/pgf.sty
(/usr/share/texlive/texmf-dist/tex/latex/pgf/utilities/pgfrcs.sty
(/usr/share/texlive/texmf-dist/tex/generic/pgf/utilities/pgfutil-common.tex
\pgfutil@everybye=\toks22
\pgfutil@tempdima=\dimen151
\pgfutil@tempdimb=\dimen152

(/usr/share/texlive/texmf-dist/tex/generic/pgf/utilities/pgfutil-common-lists.t
ex)) (/usr/share/texlive/texmf-dist/tex/generic/pgf/utilities/pgfutil-latex.def
\pgfutil@abb=\box47
(/usr/share/texlive/texmf-dist/tex/latex/ms/everyshi.sty
Package: everyshi 2001/05/15 v3.00 EveryShipout Package (MS)
))
(/usr/share/texlive/texmf-dist/tex/generic/pgf/utilities/pgfrcs.code.tex
(/usr/share/texlive/texmf-dist/tex/generic/pgf/pgf.revision.tex)
Package: pgfrcs 2020/01/08 v3.1.5b (3.1.5b)
))
Package: pgf 2020/01/08 v3.1.5b (3.1.5b)

(/usr/share/texlive/texmf-dist/tex/latex/pgf/basiclayer/pgfcore.sty
(/usr/share/texlive/texmf-dist/tex/latex/pgf/systemlayer/pgfsys.sty
(/usr/share/texlive/texmf-dist/tex/generic/pgf/systemlayer/pgfsys.code.tex
Package: pgfsys 2020/01/08 v3.1.5b (3.1.5b)

(/usr/share/texlive/texmf-dist/tex/generic/pgf/utilities/pgfkeys.code.tex
\pgfkeys@pathtoks=\toks23
\pgfkeys@temptoks=\toks24

(/usr/share/texlive/texmf-dist/tex/generic/pgf/utilities/pgfkeysfiltered.code.t
ex
\pgfkeys@tmptoks=\toks25
))
\pgf@x=\dimen153
\pgf@y=\dimen154
\pgf@xa=\dimen155
\pgf@ya=\dimen156
\pgf@xb=\dimen157
\pgf@yb=\dimen158
\pgf@xc=\dimen159
\pgf@yc=\dimen160
\pgf@xd=\dimen161
\pgf@yd=\dimen162
\w@pgf@writea=\write3
\r@pgf@reada=\read3
\c@pgf@counta=\count199
\c@pgf@countb=\count266
\c@pgf@countc=\count267
\c@pgf@countd=\count268
\t@pgf@toka=\toks26
\t@pgf@tokb=\toks27
\t@pgf@tokc=\toks28
\pgf@sys@id@count=\count269
 (/usr/share/texlive/texmf-dist/tex/generic/pgf/systemlayer/pgf.cfg
File: pgf.cfg 2020/01/08 v3.1.5b (3.1.5b)
)
Driver file for pgf: pgfsys-pdftex.def

(/usr/share/texlive/texmf-dist/tex/generic/pgf/systemlayer/pgfsys-pdftex.def
File: pgfsys-pdftex.def 2020/01/08 v3.1.5b (3.1.5b)

(/usr/share/texlive/texmf-dist/tex/generic/pgf/systemlayer/pgfsys-common-pdf.de
f
File: pgfsys-common-pdf.def 2020/01/08 v3.1.5b (3.1.5b)
)))
(/usr/share/texlive/texmf-dist/tex/generic/pgf/systemlayer/pgfsyssoftpath.code.
tex
File: pgfsyssoftpath.code.tex 2020/01/08 v3.1.5b (3.1.5b)
\pgfsyssoftpath@smallbuffer@items=\count270
\pgfsyssoftpath@bigbuffer@items=\count271
)
(/usr/share/texlive/texmf-dist/tex/generic/pgf/systemlayer/pgfsysprotocol.code.
tex
File: pgfsysprotocol.code.tex 2020/01/08 v3.1.5b (3.1.5b)
))
(/usr/share/texlive/texmf-dist/tex/generic/pgf/basiclayer/pgfcore.code.tex
Package: pgfcore 2020/01/08 v3.1.5b (3.1.5b)

(/usr/share/texlive/texmf-dist/tex/generic/pgf/math/pgfmath.code.tex
(/usr/share/texlive/texmf-dist/tex/generic/pgf/math/pgfmathcalc.code.tex
(/usr/share/texlive/texmf-dist/tex/generic/pgf/math/pgfmathutil.code.tex)
(/usr/share/texlive/texmf-dist/tex/generic/pgf/math/pgfmathparser.code.tex
\pgfmath@dimen=\dimen163
\pgfmath@count=\count272
\pgfmath@box=\box48
\pgfmath@toks=\toks29
\pgfmath@stack@operand=\toks30
\pgfmath@stack@operation=\toks31
)
(/usr/share/texlive/texmf-dist/tex/generic/pgf/math/pgfmathfunctions.code.tex
(/usr/share/texlive/texmf-dist/tex/generic/pgf/math/pgfmathfunctions.basic.code
.tex)
(/usr/share/texlive/texmf-dist/tex/generic/pgf/math/pgfmathfunctions.trigonomet
ric.code.tex)
(/usr/share/texlive/texmf-dist/tex/generic/pgf/math/pgfmathfunctions.random.cod
e.tex)
(/usr/share/texlive/texmf-dist/tex/generic/pgf/math/pgfmathfunctions.comparison
.code.tex)
(/usr/share/texlive/texmf-dist/tex/generic/pgf/math/pgfmathfunctions.base.code.
tex)
(/usr/share/texlive/texmf-dist/tex/generic/pgf/math/pgfmathfunctions.round.code
.tex)
(/usr/share/texlive/texmf-dist/tex/generic/pgf/math/pgfmathfunctions.misc.code.
tex)
(/usr/share/texlive/texmf-dist/tex/generic/pgf/math/pgfmathfunctions.integerari
thmetics.code.tex)))
(/usr/share/texlive/texmf-dist/tex/generic/pgf/math/pgfmathfloat.code.tex
\c@pgfmathroundto@lastzeros=\count273
))
(/usr/share/texlive/texmf-dist/tex/generic/pgf/math/pgfint.code.tex)
(/usr/share/texlive/texmf-dist/tex/generic/pgf/basiclayer/pgfcorepoints.code.te
x
File: pgfcorepoints.code.tex 2020/01/08 v3.1.5b (3.1.5b)
\pgf@picminx=\dimen164
\pgf@picmaxx=\dimen165
\pgf@picminy=\dimen166
\pgf@picmaxy=\dimen167
\pgf@pathminx=\dimen168
\pgf@pathmaxx=\dimen169
\pgf@pathminy=\dimen170
\pgf@pathmaxy=\dimen171
\pgf@xx=\dimen172
\pgf@xy=\dimen173
\pgf@yx=\dimen174
\pgf@yy=\dimen175
\pgf@zx=\dimen176
\pgf@zy=\dimen177
)
(/usr/share/texlive/texmf-dist/tex/generic/pgf/basiclayer/pgfcorepathconstruct.
code.tex
File: pgfcorepathconstruct.code.tex 2020/01/08 v3.1.5b (3.1.5b)
\pgf@path@lastx=\dimen178
\pgf@path@lasty=\dimen179
)
(/usr/share/texlive/texmf-dist/tex/generic/pgf/basiclayer/pgfcorepathusage.code
.tex
File: pgfcorepathusage.code.tex 2020/01/08 v3.1.5b (3.1.5b)
\pgf@shorten@end@additional=\dimen180
\pgf@shorten@start@additional=\dimen181
)
(/usr/share/texlive/texmf-dist/tex/generic/pgf/basiclayer/pgfcorescopes.code.te
x
File: pgfcorescopes.code.tex 2020/01/08 v3.1.5b (3.1.5b)
\pgfpic=\box49
\pgf@hbox=\box50
\pgf@layerbox@main=\box51
\pgf@picture@serial@count=\count274
)
(/usr/share/texlive/texmf-dist/tex/generic/pgf/basiclayer/pgfcoregraphicstate.c
ode.tex
File: pgfcoregraphicstate.code.tex 2020/01/08 v3.1.5b (3.1.5b)
\pgflinewidth=\dimen182
)
(/usr/share/texlive/texmf-dist/tex/generic/pgf/basiclayer/pgfcoretransformation
s.code.tex
File: pgfcoretransformations.code.tex 2020/01/08 v3.1.5b (3.1.5b)
\pgf@pt@x=\dimen183
\pgf@pt@y=\dimen184
\pgf@pt@temp=\dimen185
)
(/usr/share/texlive/texmf-dist/tex/generic/pgf/basiclayer/pgfcorequick.code.tex
File: pgfcorequick.code.tex 2020/01/08 v3.1.5b (3.1.5b)
)
(/usr/share/texlive/texmf-dist/tex/generic/pgf/basiclayer/pgfcoreobjects.code.t
ex
File: pgfcoreobjects.code.tex 2020/01/08 v3.1.5b (3.1.5b)
)
(/usr/share/texlive/texmf-dist/tex/generic/pgf/basiclayer/pgfcorepathprocessing
.code.tex
File: pgfcorepathprocessing.code.tex 2020/01/08 v3.1.5b (3.1.5b)
)
(/usr/share/texlive/texmf-dist/tex/generic/pgf/basiclayer/pgfcorearrows.code.te
x
File: pgfcorearrows.code.tex 2020/01/08 v3.1.5b (3.1.5b)
\pgfarrowsep=\dimen186
)
(/usr/share/texlive/texmf-dist/tex/generic/pgf/basiclayer/pgfcoreshade.code.tex
File: pgfcoreshade.code.tex 2020/01/08 v3.1.5b (3.1.5b)
\pgf@max=\dimen187
\pgf@sys@shading@range@num=\count275
\pgf@shadingcount=\count276
)
(/usr/share/texlive/texmf-dist/tex/generic/pgf/basiclayer/pgfcoreimage.code.tex
File: pgfcoreimage.code.tex 2020/01/08 v3.1.5b (3.1.5b)

(/usr/share/texlive/texmf-dist/tex/generic/pgf/basiclayer/pgfcoreexternal.code.
tex
File: pgfcoreexternal.code.tex 2020/01/08 v3.1.5b (3.1.5b)
\pgfexternal@startupbox=\box52
))
(/usr/share/texlive/texmf-dist/tex/generic/pgf/basiclayer/pgfcorelayers.code.te
x
File: pgfcorelayers.code.tex 2020/01/08 v3.1.5b (3.1.5b)
)
(/usr/share/texlive/texmf-dist/tex/generic/pgf/basiclayer/pgfcoretransparency.c
ode.tex
File: pgfcoretransparency.code.tex 2020/01/08 v3.1.5b (3.1.5b)
)
(/usr/share/texlive/texmf-dist/tex/generic/pgf/basiclayer/pgfcorepatterns.code.
tex
File: pgfcorepatterns.code.tex 2020/01/08 v3.1.5b (3.1.5b)
)
(/usr/share/texlive/texmf-dist/tex/generic/pgf/basiclayer/pgfcorerdf.code.tex
File: pgfcorerdf.code.tex 2020/01/08 v3.1.5b (3.1.5b)
)))
(/usr/share/texlive/texmf-dist/tex/generic/pgf/modules/pgfmoduleshapes.code.tex
File: pgfmoduleshapes.code.tex 2020/01/08 v3.1.5b (3.1.5b)
\pgfnodeparttextbox=\box53
) (/usr/share/texlive/texmf-dist/tex/generic/pgf/modules/pgfmoduleplot.code.tex
File: pgfmoduleplot.code.tex 2020/01/08 v3.1.5b (3.1.5b)
)
(/usr/share/texlive/texmf-dist/tex/latex/pgf/compatibility/pgfcomp-version-0-65
.sty
Package: pgfcomp-version-0-65 2020/01/08 v3.1.5b (3.1.5b)
\pgf@nodesepstart=\dimen188
\pgf@nodesepend=\dimen189
)
(/usr/share/texlive/texmf-dist/tex/latex/pgf/compatibility/pgfcomp-version-1-18
.sty
Package: pgfcomp-version-1-18 2020/01/08 v3.1.5b (3.1.5b)
)) (/usr/share/texlive/texmf-dist/tex/latex/pgf/utilities/pgffor.sty
(/usr/share/texlive/texmf-dist/tex/latex/pgf/utilities/pgfkeys.sty
(/usr/share/texlive/texmf-dist/tex/generic/pgf/utilities/pgfkeys.code.tex))
(/usr/share/texlive/texmf-dist/tex/latex/pgf/math/pgfmath.sty
(/usr/share/texlive/texmf-dist/tex/generic/pgf/math/pgfmath.code.tex))
(/usr/share/texlive/texmf-dist/tex/generic/pgf/utilities/pgffor.code.tex
Package: pgffor 2020/01/08 v3.1.5b (3.1.5b)

(/usr/share/texlive/texmf-dist/tex/generic/pgf/math/pgfmath.code.tex)
\pgffor@iter=\dimen190
\pgffor@skip=\dimen191
\pgffor@stack=\toks32
\pgffor@toks=\toks33
))
(/usr/share/texlive/texmf-dist/tex/generic/pgf/frontendlayer/tikz/tikz.code.tex
Package: tikz 2020/01/08 v3.1.5b (3.1.5b)

(/usr/share/texlive/texmf-dist/tex/generic/pgf/libraries/pgflibraryplothandlers
.code.tex
File: pgflibraryplothandlers.code.tex 2020/01/08 v3.1.5b (3.1.5b)
\pgf@plot@mark@count=\count277
\pgfplotmarksize=\dimen192
)
\tikz@lastx=\dimen193
\tikz@lasty=\dimen194
\tikz@lastxsaved=\dimen195
\tikz@lastysaved=\dimen196
\tikz@lastmovetox=\dimen197
\tikz@lastmovetoy=\dimen198
\tikzleveldistance=\dimen199
\tikzsiblingdistance=\dimen256
\tikz@figbox=\box54
\tikz@figbox@bg=\box55
\tikz@tempbox=\box56
\tikz@tempbox@bg=\box57
\tikztreelevel=\count278
\tikznumberofchildren=\count279
\tikznumberofcurrentchild=\count280
\tikz@fig@count=\count281

(/usr/share/texlive/texmf-dist/tex/generic/pgf/modules/pgfmodulematrix.code.tex
File: pgfmodulematrix.code.tex 2020/01/08 v3.1.5b (3.1.5b)
\pgfmatrixcurrentrow=\count282
\pgfmatrixcurrentcolumn=\count283
\pgf@matrix@numberofcolumns=\count284
)
\tikz@expandcount=\count285

(/usr/share/texlive/texmf-dist/tex/generic/pgf/frontendlayer/tikz/libraries/tik
zlibrarytopaths.code.tex
File: tikzlibrarytopaths.code.tex 2020/01/08 v3.1.5b (3.1.5b)
)))
(/usr/share/texlive/texmf-dist/tex/generic/pgf/frontendlayer/tikz/libraries/tik
zlibrarydecorations.pathmorphing.code.tex
(/usr/share/texlive/texmf-dist/tex/generic/pgf/frontendlayer/tikz/libraries/tik
zlibrarydecorations.code.tex
(/usr/share/texlive/texmf-dist/tex/generic/pgf/modules/pgfmoduledecorations.cod
e.tex
\pgfdecoratedcompleteddistance=\dimen257
\pgfdecoratedremainingdistance=\dimen258
\pgfdecoratedinputsegmentcompleteddistance=\dimen259
\pgfdecoratedinputsegmentremainingdistance=\dimen260
\pgf@decorate@distancetomove=\dimen261
\pgf@decorate@repeatstate=\count286
\pgfdecorationsegmentamplitude=\dimen262
\pgfdecorationsegmentlength=\dimen263
)
\tikz@lib@dec@box=\box58
)
(/usr/share/texlive/texmf-dist/tex/generic/pgf/libraries/decorations/pgflibrary
decorations.pathmorphing.code.tex))
(/usr/share/texlive/texmf-dist/tex/generic/pgf/frontendlayer/tikz/libraries/tik
zlibrarydecorations.pathreplacing.code.tex
(/usr/share/texlive/texmf-dist/tex/generic/pgf/libraries/decorations/pgflibrary
decorations.pathreplacing.code.tex))
(/usr/share/texlive/texmf-dist/tex/generic/pgf/frontendlayer/tikz/libraries/tik
zlibrarycalc.code.tex
File: tikzlibrarycalc.code.tex 2020/01/08 v3.1.5b (3.1.5b)
)
(/usr/share/texlive/texmf-dist/tex/generic/pgf/frontendlayer/tikz/libraries/tik
zlibraryshapes.geometric.code.tex
File: tikzlibraryshapes.geometric.code.tex 2020/01/08 v3.1.5b (3.1.5b)

(/usr/share/texlive/texmf-dist/tex/generic/pgf/libraries/shapes/pgflibraryshape
s.geometric.code.tex
File: pgflibraryshapes.geometric.code.tex 2020/01/08 v3.1.5b (3.1.5b)
))
\pgf@layerbox@LPdump=\box59
\pgf@layerboxsaved@LPdump=\box60
\pgf@layerbox@LPbgcolor=\box61
\pgf@layerboxsaved@LPbgcolor=\box62
\pgf@layerbox@LPbackgroundtwo=\box63
\pgf@layerboxsaved@LPbackgroundtwo=\box64
\pgf@layerbox@LPbackground=\box65
\pgf@layerboxsaved@LPbackground=\box66
\pgf@layerbox@LPforeground=\box67
\pgf@layerboxsaved@LPforeground=\box68
\pgf@layerbox@LPforegroundtwo=\box69
\pgf@layerboxsaved@LPforegroundtwo=\box70
\c@LP@rows=\count287
\c@LP@columns=\count288
\c@LP@counter@unique=\count289
\c@LP@counti=\count290
\c@LP@countii=\count291
\c@LP@countiii=\count292
\c@LP@whiledo@i=\count293
\c@LP@whiledo@ii=\count294
\c@LP@count@ig@i=\count295
\c@LP@count@ig@ii=\count296
\c@LP@count@ig@iii=\count297
\c@LP@count@ig@iv=\count298
\c@LP@puzzlecounter=\count299
\LP@length=\skip67

(/usr/share/texlive/texmf-dist/tex/latex/logicpuzzle/lpenv.sty
Package: lpenv 2015/06/15 v2.5 lpenv.sty - Josef Kleber (C) 2013-2014
))
(/usr/share/texlive/texmf-dist/tex/latex/tools/longtable.sty
Package: longtable 2020/01/07 v4.13 Multi-page Table package (DPC)
\LTleft=\skip68
\LTright=\skip69
\LTpre=\skip70
\LTpost=\skip71
\LTchunksize=\count300
\LTcapwidth=\dimen264
\LT@head=\box71
\LT@firsthead=\box72
\LT@foot=\box73
\LT@lastfoot=\box74
\LT@cols=\count301
\LT@rows=\count302
\c@LT@tables=\count303
\c@LT@chunks=\count304
\LT@p@ftn=\toks34
)
(/usr/share/texlive/texmf-dist/tex/latex/pst-node/pst-node.sty
Package: pst-node 2012/09/18 v1.01 LaTeX wrapper for `pst-node' (HV)

(/usr/share/texlive/texmf-dist/tex/latex/pstricks/pstricks.sty
Package: pstricks 2018/12/21 v0.69 LaTeX wrapper for `PSTricks' (RN,HV)

(/usr/share/texlive/texmf-dist/tex/generic/iftex/iftex.sty
Package: iftex 2019/11/07 v1.0c TeX engine tests
)
(/usr/share/texlive/texmf-dist/tex/latex/tools/shellesc.sty
Package: shellesc 2019/11/08 v1.0c unified shell escape interface for LaTeX
Package shellesc Info: Restricted shell escape enabled on input line 77.
)
(/usr/share/texlive/texmf-dist/tex/generic/xkeyval/pst-xkey.tex
File: pst-xkey.tex 2005/11/25 v1.6 PSTricks specialization of xkeyval (HA)
)
(/usr/share/texlive/texmf-dist/tex/generic/pstricks/pstricks.tex
(/usr/share/texlive/texmf-dist/tex/generic/pstricks/pst-fp.tex
`pst-fp' v0.05, 2010/01/17 (hv)
\pstFP@xs=\count305
\pstFP@xia=\count306
\pstFP@xib=\count307
\pstFP@xfa=\count308
\pstFP@xfb=\count309
\pstFP@rega=\count310
\pstFP@regb=\count311
\pstFP@regs=\count312
\pstFP@times=\count313
)
\psLoopIndex=\count314

`PSTricks' v2.97  <2019/05/11> (tvz,hv)
\pst@dima=\dimen265
\pst@dimb=\dimen266
\pst@dimc=\dimen267
\pst@dimd=\dimen268
\pst@dimg=\dimen269
\pst@dimh=\dimen270
\pst@dimm=\dimen271
\pst@dimn=\dimen272
\pst@dimo=\dimen273
\pst@dimp=\dimen274
\pst@hbox=\box75
\pst@ibox=\box76
\pst@boxg=\box77
\pst@cnta=\count315
\pst@cntb=\count316
\pst@cntc=\count317
\pst@cntd=\count318
\pst@cntg=\count319
\pst@cnth=\count320
\pst@cntm=\count321
\pst@cntn=\count322
\pst@cnto=\count323
\pst@cntp=\count324
\@zero=\count325
\pst@toks=\toks35
(/usr/share/texlive/texmf-dist/tex/generic/pstricks/pstricks.con)
\psunit=\dimen275
\psxunit=\dimen276
\psyunit=\dimen277
\pst@C@@rType=\count326
\pslinewidth=\dimen278
\psk@startLW=\dimen279
\psk@endLW=\dimen280
\pst@customdefs=\toks36
\pslinearc=\dimen281
\pst@symbolStep=\dimen282
\pst@symbolWidth=\dimen283
\pst@symbolLinewidth=\dimen284
\everypsbox=\toks37
\psframesep=\dimen285
\pslabelsep=\dimen286
\sh@wgridXunit=\dimen287
\sh@wgridYunit=\dimen288
\pst@shift=\dimen289
)
File: pstricks.tex 2019/05/11 v2.97 `PSTricks' (tvz,hv)

(/usr/share/texlive/texmf-dist/tex/generic/pstricks/pst-fp.tex)
File: pst-fp.tex 2019/05/11 v2.97 `PST-fp' (hv)
)
Package: pst-node 2010/04/22 package wrapper for pst-node.tex

(/usr/share/texlive/texmf-dist/tex/generic/pst-node/pst-node.tex
 v1.42, 2019/03/03
\psrow=\count327
\pscol=\count328
\psmatrixcnt=\count329
\psrowsep=\skip72
\pscolsep=\skip73
\pst@args=\count330
\num@pts=\count331
\pst@argcnt=\count332
)
File: pst-node.tex 2019/03/03 1.42 `pst-node' (tvz,hv)
)
(/usr/share/texlive/texmf-dist/tex/latex/amsmath/amsmath.sty
Package: amsmath 2020/01/20 v2.17e AMS math features
\@mathmargin=\skip74

For additional information on amsmath, use the `?' option.
(/usr/share/texlive/texmf-dist/tex/latex/amsmath/amstext.sty
Package: amstext 2000/06/29 v2.01 AMS text

(/usr/share/texlive/texmf-dist/tex/latex/amsmath/amsgen.sty
File: amsgen.sty 1999/11/30 v2.0 generic functions
\@emptytoks=\toks38
\ex@=\dimen290
))
(/usr/share/texlive/texmf-dist/tex/latex/amsmath/amsbsy.sty
Package: amsbsy 1999/11/29 v1.2d Bold Symbols
\pmbraise@=\dimen291
)
(/usr/share/texlive/texmf-dist/tex/latex/amsmath/amsopn.sty
Package: amsopn 2016/03/08 v2.02 operator names
)
\inf@bad=\count333
LaTeX Info: Redefining \frac on input line 227.
\uproot@=\count334
\leftroot@=\count335
LaTeX Info: Redefining \overline on input line 389.
\classnum@=\count336
\DOTSCASE@=\count337
LaTeX Info: Redefining \ldots on input line 486.
LaTeX Info: Redefining \dots on input line 489.
LaTeX Info: Redefining \cdots on input line 610.
\Mathstrutbox@=\box78
\strutbox@=\box79
\big@size=\dimen292
LaTeX Font Info:    Redeclaring font encoding OML on input line 733.
LaTeX Font Info:    Redeclaring font encoding OMS on input line 734.
\macc@depth=\count338
\c@MaxMatrixCols=\count339
\dotsspace@=\muskip17
\c@parentequation=\count340
\dspbrk@lvl=\count341
\tag@help=\toks39
\row@=\count342
\column@=\count343
\maxfields@=\count344
\andhelp@=\toks40
\eqnshift@=\dimen293
\alignsep@=\dimen294
\tagshift@=\dimen295
\tagwidth@=\dimen296
\totwidth@=\dimen297
\lineht@=\dimen298
\@envbody=\toks41
\multlinegap=\skip75
\multlinetaggap=\skip76
\mathdisplay@stack=\toks42
LaTeX Info: Redefining \[ on input line 2859.
LaTeX Info: Redefining \] on input line 2860.
)
(/usr/share/texlive/texmf-dist/tex/latex/amscls/amsthm.sty
Package: amsthm 2017/10/31 v2.20.4
\thm@style=\toks43
\thm@bodyfont=\toks44
\thm@headfont=\toks45
\thm@notefont=\toks46
\thm@headpunct=\toks47
\thm@preskip=\skip77
\thm@postskip=\skip78
\thm@headsep=\skip79
\dth@everypar=\toks48
)
(/usr/share/texlive/texmf-dist/tex/generic/pgf/frontendlayer/tikz/libraries/tik
zlibrarypositioning.code.tex
File: tikzlibrarypositioning.code.tex 2020/01/08 v3.1.5b (3.1.5b)
)
(/usr/share/texlive/texmf-dist/tex/generic/pgf/libraries/pgflibraryarrows.meta.
code.tex
File: pgflibraryarrows.meta.code.tex 2020/01/08 v3.1.5b (3.1.5b)
\pgfarrowinset=\dimen299
\pgfarrowlength=\dimen300
\pgfarrowwidth=\dimen301
\pgfarrowlinewidth=\dimen302
)
(/usr/share/texlive/texmf-dist/tex/generic/pgf/frontendlayer/tikz/libraries/tik
zlibraryarrows.code.tex
File: tikzlibraryarrows.code.tex 2020/01/08 v3.1.5b (3.1.5b)

(/usr/share/texlive/texmf-dist/tex/generic/pgf/libraries/pgflibraryarrows.code.
tex
File: pgflibraryarrows.code.tex 2020/01/08 v3.1.5b (3.1.5b)
\arrowsize=\dimen303
))
(/usr/share/texlive/texmf-dist/tex/generic/pgf/frontendlayer/tikz/libraries/tik
zlibraryautomata.code.tex
File: tikzlibraryautomata.code.tex 2020/01/08 v3.1.5b (3.1.5b)

(/usr/share/texlive/texmf-dist/tex/generic/pgf/frontendlayer/tikz/libraries/tik
zlibraryshapes.multipart.code.tex
File: tikzlibraryshapes.multipart.code.tex 2020/01/08 v3.1.5b (3.1.5b)

(/usr/share/texlive/texmf-dist/tex/generic/pgf/libraries/shapes/pgflibraryshape
s.multipart.code.tex
File: pgflibraryshapes.multipart.code.tex 2020/01/08 v3.1.5b (3.1.5b)
\pgfnodepartlowerbox=\box80
\pgfnodeparttwobox=\box81
\pgfnodepartthreebox=\box82
\pgfnodepartfourbox=\box83
\pgfnodeparttwentybox=\box84
\pgfnodepartnineteenbox=\box85
\pgfnodeparteighteenbox=\box86
\pgfnodepartseventeenbox=\box87
\pgfnodepartsixteenbox=\box88
\pgfnodepartfifteenbox=\box89
\pgfnodepartfourteenbox=\box90
\pgfnodepartthirteenbox=\box91
\pgfnodeparttwelvebox=\box92
\pgfnodepartelevenbox=\box93
\pgfnodeparttenbox=\box94
\pgfnodepartninebox=\box95
\pgfnodeparteightbox=\box96
\pgfnodepartsevenbox=\box97
\pgfnodepartsixbox=\box98
\pgfnodepartfivebox=\box99
)))
(/usr/share/texlive/texmf-dist/tex/latex/tkz-graph/tkz-graph.sty
Package: tkz-graph 2018/09/19 ctan v 1.00 d base for graphs
\c@tkz@gr@a=\count345
\c@tkz@gr@b=\count346
\c@tkz@gr@c=\count347
\c@tkz@gr@e=\count348
\c@tkz@gr@d=\count349
\c@tkz@gr@p=\count350
\c@tkz@gr@i=\count351
\c@tkz@gr@n=\count352
\c@tkz@gr@ta=\count353
\c@tkz@gr@tb=\count354
)
(/usr/share/texlive/texmf-dist/tex/latex/caption/subcaption.sty
Package: subcaption 2020/01/22 v1.3d Sub-captions (AR)

(/usr/share/texlive/texmf-dist/tex/latex/caption/caption.sty
Package: caption 2020/01/03 v3.4h Customizing captions (AR)

(/usr/share/texlive/texmf-dist/tex/latex/caption/caption3.sty
Package: caption3 2020/01/03 v1.8h caption3 kernel (AR)
Package caption3 Info: TeX engine: e-TeX on input line 61.
\captionmargin=\dimen304
\captionmargin@=\dimen305
\captionwidth=\dimen306
\caption@tempdima=\dimen307
\caption@indent=\dimen308
\caption@parindent=\dimen309
\caption@hangindent=\dimen310
Package caption Info: Unknown document class (or package),
(caption)             standard defaults will be used.
Package caption Info: \@makecaption = \long macro:#1#2->\vskip \abovecaptionski
p \sbox \@tempboxa {{#1} #2} \ifdim \wd \@tempboxa >\hsize {#1} #2\par \else \g
lobal \@minipagefalse \hb@xt@ \hsize {\hfil \box \@tempboxa \hfil }\fi \vskip \
belowcaptionskip  on input line 1082.
Package caption Info: The definition of \@makecaption has been changed,
(caption)             frenchb will NOT customize it.
)

Package caption Warning: Unknown document class (or package),
(caption)                standard defaults will be used.
See the caption package documentation for explanation.

\c@caption@flags=\count355
\c@continuedfloat=\count356
Package caption Info: listings package is loaded.
Package caption Info: longtable package is loaded.
(/usr/share/texlive/texmf-dist/tex/latex/caption/ltcaption.sty
Package: ltcaption 2018/08/26 v1.4a longtable captions (AR)
))
\c@subfigure=\count357
\c@subtable=\count358
)
(/usr/share/texlive/texmf-dist/tex/latex/setspace/setspace.sty
Package: setspace 2011/12/19 v6.7a set line spacing
)
(/usr/share/texlive/texmf-dist/tex/latex/algorithmicx/algpseudocode.sty
Package: algpseudocode 

(/usr/share/texlive/texmf-dist/tex/latex/algorithmicx/algorithmicx.sty
Package: algorithmicx 2005/04/27 v1.2 Algorithmicx

Document Style algorithmicx 1.2 - a greatly improved `algorithmic' style
\c@ALG@line=\count359
\c@ALG@rem=\count360
\c@ALG@nested=\count361
\ALG@tlm=\skip80
\ALG@thistlm=\skip81
\c@ALG@Lnr=\count362
\c@ALG@blocknr=\count363
\c@ALG@storecount=\count364
\c@ALG@tmpcounter=\count365
\ALG@tmplength=\skip82
)
Document Style - pseudocode environments for use with the `algorithmicx' style
)
\c@Prop=\count366
\c@Not=\count367
\c@Theo=\count368
\c@Prp=\count369
\c@Lem=\count370
\c@Rem=\count371
\c@Ex=\count372
\c@Cor=\count373
\c@Def=\count374
\c@Exo=\count375
 (/usr/share/texlive/texmf-dist/tex/latex/l3backend/l3backend-pdfmode.def
File: l3backend-pdfmode.def 2020-02-03 L3 backend support: PDF mode
\l__kernel_color_stack_int=\count376
\l__pdf_internal_box=\box100
)
(./Redaction2.aux (./nom_de_fichier_des_remerciements.aux)
(./nom_de_fichier_du_resume.aux) (./Abstract.aux) (./Introduction.aux)
(./PreÃÅliminaires.aux

LaTeX Warning: Label `defaut1' multiply defined.


LaTeX Warning: Label `exaut1' multiply defined.

) (./Automatum.aux

LaTeX Warning: Label `ex1' multiply defined.


LaTeX Warning: Label `ex2' multiply defined.


LaTeX Warning: Label `ex3' multiply defined.

) (./AutomatumF.aux) (./Aspects_algorithimiques.aux)
(./Conclusion_et_perspectives.aux))
\openout1 = `Redaction2.aux'.

LaTeX Font Info:    Checking defaults for OML/cmm/m/it on input line 63.
LaTeX Font Info:    ... okay on input line 63.
LaTeX Font Info:    Checking defaults for OMS/cmsy/m/n on input line 63.
LaTeX Font Info:    ... okay on input line 63.
LaTeX Font Info:    Checking defaults for OT1/cmr/m/n on input line 63.
LaTeX Font Info:    ... okay on input line 63.
LaTeX Font Info:    Checking defaults for T1/cmr/m/n on input line 63.
LaTeX Font Info:    ... okay on input line 63.
LaTeX Font Info:    Checking defaults for TS1/cmr/m/n on input line 63.
LaTeX Font Info:    ... okay on input line 63.
LaTeX Font Info:    Checking defaults for OMX/cmex/m/n on input line 63.
LaTeX Font Info:    ... okay on input line 63.
LaTeX Font Info:    Checking defaults for U/cmr/m/n on input line 63.
LaTeX Font Info:    ... okay on input line 63.

(/usr/share/texlive/texmf-dist/tex/context/base/mkii/supp-pdf.mkii
[Loading MPS to PDF converter (version 2006.09.02).]
\scratchcounter=\count377
\scratchdimen=\dimen311
\scratchbox=\box101
\nofMPsegments=\count378
\nofMParguments=\count379
\everyMPshowfont=\toks49
\MPscratchCnt=\count380
\MPscratchDim=\dimen312
\MPnumerator=\count381
\makeMPintoPDFobject=\count382
\everyMPtoPDFconversion=\toks50
) (/usr/share/texlive/texmf-dist/tex/latex/epstopdf-pkg/epstopdf-base.sty
Package: epstopdf-base 2020-01-24 v2.11 Base part for package epstopdf
Package epstopdf-base Info: Redefining graphics rule for `.eps' on input line 4
85.

(/usr/share/texlive/texmf-dist/tex/latex/latexconfig/epstopdf-sys.cfg
File: epstopdf-sys.cfg 2010/07/13 v1.3 Configuration of (r)epstopdf for TeX Liv
e
))
LaTeX Info: Redefining \degres on input line 63.
LaTeX Info: Redefining \dots on input line 63.


Package french.ldf Warning: Please load the "natbib" package
(french.ldf)                BEFORE babel/french; reported on input line 63.

LaTeX Info: Redefining \up on input line 63.
\c@lstlisting=\count383
ABD: EverySelectfont initializing macros
LaTeX Info: Redefining \selectfont on input line 63.
 ABD: EveryShipout initializing macros
Package caption Info: Begin \AtBeginDocument code.
Package caption Info: End \AtBeginDocument code.

[1
Non-PDF special ignored!
<special> header=pstricks.pro
Non-PDF special ignored!
<special> header=pst-algparser.pro
Non-PDF special ignored!
<special> header=pst-tools.pro
Non-PDF special ignored!
<special> header=pst-dots.pro
Non-PDF special ignored!
<special> header=pst-node.pro

Non-PDF special ignored!
<special> ps: /pssetRGBcolor /setrgbcolor load def /pssetCMYKcolor /setcmyk...
Non-PDF special ignored!
<special> ps:tx@Dict begin  gsave STV CP T /ps@rot 0 def grestore  end
Non-PDF special ignored!
<special> ps:tx@Dict begin  gsave STV CP T /ps@refangle 0.  def grestore  e...
Non-PDF special ignored!
<special> ps:tx@Dict begin  gsave STV CP T /ps@rot 0 def grestore  end
{/var/lib/texmf/fonts/map/pdftex/updmap/pdftex.map}]
\openout2 = `nom_de_fichier_des_remerciements.aux'.


(./nom_de_fichier_des_remerciements.tex) [2


] (./Redaction2.toc
LaTeX Font Info:    Trying to load font information for U+msa on input line 3.

(/usr/share/texlive/texmf-dist/tex/latex/amsfonts/umsa.fd
File: umsa.fd 2013/01/14 v3.01 AMS symbols A
)
LaTeX Font Info:    Trying to load font information for U+msb on input line 3.

(/usr/share/texlive/texmf-dist/tex/latex/amsfonts/umsb.fd
File: umsb.fd 2013/01/14 v3.01 AMS symbols B
)
Overfull \hbox (12.20079pt too wide) in paragraph at lines 32--32
[][] \T1/cmr/m/n/12 CHA-PITRE II  AU-TO-MATE D…-CRI-VANT LES PO-LY-OMI-NOS INS-
CRITS 
 []

[3


]
Overfull \hbox (11.64539pt too wide) in paragraph at lines 74--74
[][] \T1/cmr/m/n/12 CHA-PITRE IV  AS-PECTS ALO-GO-RITH-MIQUES DES FOR-MULES POR
- 
 []

)
\tf@toc=\write4
\openout4 = `Redaction2.toc'.

 [4] (./Redaction2.lot)
\tf@lot=\write5
\openout5 = `Redaction2.lot'.

 [5

] (./Redaction2.lof
Overfull \hbox (9.90106pt too wide) in paragraph at lines 6--6
 [][] []\T1/cmr/m/n/12 Ces po-ly-omi-nos de la gauche vers la droite sont ver-t
i-ca-le-ment convexe, 
 []

[6

] [7])
\tf@lof=\write6
\openout6 = `Redaction2.lof'.

 [8]
\openout2 = `nom_de_fichier_du_resume.aux'.

 (./nom_de_fichier_du_resume.tex) [9


]
\openout2 = `Abstract.aux'.

 (./Abstract.tex) [10



]
\openout2 = `Introduction.aux'.


(./Introduction.tex [1



] [2] [3]) [4]
\openout2 = `PreÃÅliminaires.aux'.

 (./PreÃÅliminaires.tex
Chapitre 1.
[5



]
Overfull \hbox (711.27484pt too wide) in paragraph at lines 43--56
 [][] 
 []


Overfull \hbox (700.88895pt too wide) in paragraph at lines 59--73
 [][] 
 []


Overfull \hbox (621.96243pt too wide) in paragraph at lines 85--98
 [][] 
 []


Overfull \hbox (520.18645pt too wide) in paragraph at lines 125--138
 [][] 
 []

[6]
Overfull \hbox (646.76201pt too wide) in paragraph at lines 165--176
 [][] 
 []


Overfull \hbox (603.26726pt too wide) in paragraph at lines 182--194
 [][] 
 []

[7]
Overfull \hbox (648.96265pt too wide) in paragraph at lines 215--234
 [][] 
 []


Overfull \hbox (648.96265pt too wide) in paragraph at lines 238--269
 [][] 
 []


Overfull \hbox (648.96265pt too wide) in paragraph at lines 273--291
 [][] 
 []


Overfull \hbox (491.10468pt too wide) in paragraph at lines 311--335
 [][] 
 []


Overfull \hbox (478.64287pt too wide) in paragraph at lines 349--374
 [][] 
 []

[8]
Overfull \hbox (698.97789pt too wide) in paragraph at lines 396--408
 [][] 
 []


Overfull \hbox (700.5329pt too wide) in paragraph at lines 417--428
 [][] 
 []


Overfull \hbox (651.12372pt too wide) in paragraph at lines 440--450
 [][] 
 []


Overfull \hbox (478.64287pt too wide) in paragraph at lines 464--474
 [][] 
 []

[9]
Overfull \hbox (654.11304pt too wide) in paragraph at lines 504--515
 [][] 
 []


Overfull \hbox (607.58672pt too wide) in paragraph at lines 526--538
 [][] 
 []

[10]
Underfull \hbox (badness 10000) in paragraph at lines 549--550

 []

[11]
Underfull \hbox (badness 10000) in paragraph at lines 588--589

 []

[12] [13] [14]
Overfull \hbox (4.62581pt too wide) in paragraph at lines 662--695
 \T1/cmr/m/it/12 Dans l'au-to-mate de la fi-gure 1.12[], on a $\OML/cmm/m/it/12
 I \OT1/cmr/m/n/12 = \OMS/cmsy/m/n/12 f\OML/cmm/m/it/12 q[]\OMS/cmsy/m/n/12 g$\
T1/cmr/m/it/12 , $\OT1/cmr/m/n/12 ^^F = \OMS/cmsy/m/n/12 f\OML/cmm/m/it/12 a; b
\OMS/cmsy/m/n/12 g\OML/cmm/m/it/12 ;$ $Q \OT1/cmr/m/n/12 = \OMS/cmsy/m/n/12 f\O
ML/cmm/m/it/12 q[]; q[]; q[]; r[]; r[]\OMS/cmsy/m/n/12 g\OML/cmm/m/it/12 ;$
 []

[15] [16]
Overfull \hbox (25.82259pt too wide) in paragraph at lines 748--749
[]\T1/cmr/bx/n/12 Remarque 1.3.2. []\T1/cmr/m/it/12 Soit $\OML/cmm/m/it/12 E$ \
T1/cmr/m/it/12 est une ex-pres-sion ra-tion-nelle sur $\OT1/cmr/m/n/12 ^^F$\T1/
cmr/m/it/12 , alors $[] \OT1/cmr/m/n/12 =
 []

[17]
Overfull \hbox (5.13275pt too wide) in paragraph at lines 782--784
\T1/cmr/m/n/12 deux bandes et pro-dui-sant une va-leur dans $\U/msb/m/n/12 N$\T
1/cmr/m/n/12 . Dans ce cas, si $\OT1/cmr/m/n/12 (\OML/cmm/m/it/12 q; a[]; a[]; 
k; p\OT1/cmr/m/n/12 ) \OMS/cmsy/m/n/12 2
 []

[18]
Overfull \hbox (669.73444pt too wide) in paragraph at lines 818--822
 [][] 
 []


Overfull \hbox (669.73444pt too wide) in paragraph at lines 826--830
 [][] 
 []


Overfull \hbox (669.73444pt too wide) in paragraph at lines 834--839
 [][] 
 []


Overfull \hbox (669.73444pt too wide) in paragraph at lines 843--848
 [][] 
 []

[19]) [20]
\openout2 = `Automatum.aux'.

 (./Automatum.tex
Chapitre 2.

Overfull \hbox (657.27264pt too wide) in paragraph at lines 13--23
 [][] 
 []


Overfull \hbox (626.52802pt too wide) in paragraph at lines 35--39
 [][] 
 []


Overfull \hbox (619.88089pt too wide) in paragraph at lines 27--48
 [][] 
 []


Overfull \hbox (619.88089pt too wide) in paragraph at lines 27--48
 [] 
 []

[21



]
Overfull \hbox (649.13028pt too wide) in paragraph at lines 68--74
 [][] 
 []


Overfull \hbox (649.13028pt too wide) in paragraph at lines 77--83
 [][] 
 []


Overfull \hbox (649.13028pt too wide) in paragraph at lines 86--94
 [][] 
 []


Overfull \hbox (462.02924pt too wide) in paragraph at lines 107--118
 [][] 
 []

[22]
Overfull \hbox (478.64287pt too wide) in paragraph at lines 140--158
 [][] 
 []

[23]
Overfull \hbox (478.64287pt too wide) in paragraph at lines 191--204
 [][] 
 []

[24]
Overfull \hbox (462.02924pt too wide) in paragraph at lines 223--246
 [][] 
 []

[25]
Overfull \hbox (478.64287pt too wide) in paragraph at lines 284--298
 [][] 
 []


Overfull \hbox (478.64287pt too wide) in paragraph at lines 312--320
 [][] 
 []

[26]
Overfull \hbox (478.64287pt too wide) in paragraph at lines 342--352
 [][] 
 []


Overfull \hbox (3.54266pt too wide) in paragraph at lines 334--355
[]\T1/cmr/bx/n/12 Exemple 2.1.5. []\T1/cmr/m/it/12 Les tri-plets $\OT1/cmr/m/n/
12 (100\OML/cmm/m/it/12 ; \OT1/cmr/m/n/12 000\OML/cmm/m/it/12 ; \OMS/cmsy/m/n/1
2 ff\OT1/cmr/m/n/12 0\OMS/cmsy/m/n/12 gg\OT1/cmr/m/n/12 )$\T1/cmr/m/it/12 , $\O
T1/cmr/m/n/12 (100\OML/cmm/m/it/12 ; \OT1/cmr/m/n/12 100\OML/cmm/m/it/12 ; \OMS
/cmsy/m/n/12 ff\OT1/cmr/m/n/12 0\OMS/cmsy/m/n/12 gg\OT1/cmr/m/n/12 )$\T1/cmr/m/
it/12 , $\OT1/cmr/m/n/12 (111\OML/cmm/m/it/12 ; \OT1/cmr/m/n/12 221\OML/cmm/m/i
t/12 ; \OMS/cmsy/m/n/12 ff\OT1/cmr/m/n/12 0\OMS/cmsy/m/n/12 gg\OT1/cmr/m/n/12 )
$\T1/cmr/m/it/12 ,
 []

[27]
Overfull \hbox (8.11816pt too wide) in paragraph at lines 371--372
\OML/cmm/m/it/12 [][]:::[] \OT1/cmr/m/n/12 = \OML/cmm/m/it/12 [][]:::[]; 
\OMS/cmsy/m/n/12 P[] \OT1/cmr/m/n/12 = \OMS/cmsy/m/n/12 P[]$ \T1/cmr/m/it/12 d'
une part et $\OML/cmm/m/it/12 [][]:::[] \OT1/cmr/m/n/12 = \OML/cmm/m/it/12 
[][]:::[]; \OMS/cmsy/m/n/12 P[] \OT1/cmr/m/n/12 =
 []

[28]
Overfull \hbox (478.64287pt too wide) in paragraph at lines 395--406
 [][] 
 []


Overfull \hbox (634.42247pt too wide) in paragraph at lines 424--449
 [][] 
 []


Overfull \hbox (610.74512pt too wide) in paragraph at lines 453--479
 [][] 
 []

[29]
LaTeX Font Info:    Trying to load font information for U+euf on input line 496
.
 (/usr/share/texlive/texmf-dist/tex/latex/amsfonts/ueuf.fd
File: ueuf.fd 2013/01/14 v3.01 Euler Fraktur
) [30] [31]
[32]
Overfull \hbox (561.72368pt too wide) in paragraph at lines 566--575
 [][] 
 []


Overfull \hbox (561.72368pt too wide) in paragraph at lines 579--587
 [][] 
 []

[33] [34] [35] [36] [37] [38]
Overfull \hbox (611.26163pt too wide) in paragraph at lines 728--733
 []$\OML/cmm/m/it/12 L$[] 
 []


Overfull \hbox (614.06718pt too wide) in paragraph at lines 737--740
 []$\OML/cmm/m/it/12 L[]$[] 
 []


Overfull \hbox (659.82106pt too wide) in paragraph at lines 747--753
 []\T1/cmr/m/n/12 (1)[] 
 []


Overfull \hbox (659.82106pt too wide) in paragraph at lines 757--763
 []\T1/cmr/m/n/12 (2)[] 
 []


Overfull \hbox (659.82106pt too wide) in paragraph at lines 767--773
 []\T1/cmr/m/n/12 (3)[] 
 []

[39]
Overfull \hbox (21.75223pt too wide) in paragraph at lines 789--791
\T1/cmr/m/it/12 o˘ $\OML/cmm/m/it/12 n[]$ \T1/cmr/m/it/12 (en-tier po-si-tif ou
 nul) est le nombre to-tal d'ex-pres-sions de la forme $\OML/cmm/m/it/12 ^^U[]w
[]x[]yz[]$\T1/cmr/m/it/12 ,
 []

[40]
Overfull \hbox (503.56648pt too wide) in paragraph at lines 814--832
 [][] 
 []

[41]
Overfull \hbox (503.56648pt too wide) in paragraph at lines 859--871
 [][] 
 []

[42] [43] [44]
Overfull \hbox (561.72368pt too wide) in paragraph at lines 913--924
 [][] 
 []


Overfull \hbox (561.72368pt too wide) in paragraph at lines 928--938
 [][] 
 []


Overfull \hbox (561.72368pt too wide) in paragraph at lines 942--954
 [][] 
 []


Overfull \hbox (561.72368pt too wide) in paragraph at lines 958--967
 [][] 
 []


Overfull \hbox (702.96803pt too wide) in paragraph at lines 976--994
 [][] 
 []


Overfull \hbox (702.96803pt too wide) in paragraph at lines 998--1016
 [][] 
 []


Overfull \hbox (648.96265pt too wide) in paragraph at lines 1020--1038
 [][] 
 []


Overfull \hbox (478.64287pt too wide) in paragraph at lines 1050--1065
 [][] 
 []


Overfull \hbox (478.64287pt too wide) in paragraph at lines 1078--1095
 [][] 
 []


Overfull \hbox (686.34807pt too wide) in paragraph at lines 1102--1118
 [][] 
 []


Overfull \hbox (686.34807pt too wide) in paragraph at lines 1122--1138
 [][] 
 []


Overfull \hbox (644.81084pt too wide) in paragraph at lines 1142--1158
 [][] 
 []

[45]
Overfull \hbox (686.34807pt too wide) in paragraph at lines 1187--1194
 [][] 
 []


Overfull \hbox (686.34807pt too wide) in paragraph at lines 1198--1203
 [][] 
 []


Overfull \hbox (686.34807pt too wide) in paragraph at lines 1207--1212
 [][] 
 []


Overfull \hbox (686.34807pt too wide) in paragraph at lines 1216--1220
 [][] 
 []

[46] [47]
Overfull \hbox (17.87057pt too wide) in alignment at lines 1254--1258
 [][][] []
 []

[48]
Overfull \hbox (503.56648pt too wide) in paragraph at lines 1275--1290
 [][] 
 []

[49] [50]
Overfull \hbox (15.17407pt too wide) in alignment at lines 1330--1335
 [][][] []
 []


Overfull \hbox (445.40927pt too wide) in paragraph at lines 1349--1362
 [][] 
 []


Overfull \hbox (13.57294pt too wide) in alignment at lines 1368--1376
 [][][] []
 []

[51] [52] [53] [54]
Overfull \hbox (453.71925pt too wide) in paragraph at lines 1445--1464
 [][] 
 []

[55]
Overfull \hbox (20.94583pt too wide) in alignment at lines 1470--1475
 [][][] []
 []

[56]
Overfull \hbox (486.95285pt too wide) in paragraph at lines 1494--1521
 [][] 
 []

[57]
Overfull \hbox (711.27168pt too wide) in paragraph at lines 1553--1565
 [][] 
 []


Overfull \hbox (578.34364pt too wide) in paragraph at lines 1568--1580
 [][] 
 []


Overfull \hbox (628.19087pt too wide) in paragraph at lines 1591--1604
 [][] 
 []


Overfull \hbox (706.2902pt too wide) in paragraph at lines 1608--1620
 [][] 
 []


Overfull \hbox (624.8687pt too wide) in paragraph at lines 1622--1634
[][] 
 []

[58] [59] [60] [61]
Overfull \hbox (520.18645pt too wide) in paragraph at lines 1723--1735
 [][] 
 []

[62] [63]
Overfull \hbox (520.18645pt too wide) in paragraph at lines 1788--1801
 [][] 
 []

[64] [65]
Overfull \hbox (561.72368pt too wide) in paragraph at lines 1832--1852
 [][] 
 []


Overfull \hbox (561.72368pt too wide) in paragraph at lines 1855--1879
 [][] 
 []

[66] [67]
Overfull \hbox (686.34807pt too wide) in paragraph at lines 1913--1916
 [][] 
 []


Overfull \hbox (686.34807pt too wide) in paragraph at lines 1919--1922
 [][] 
 []


Overfull \hbox (686.34807pt too wide) in paragraph at lines 1925--1929
 [][] 
 []


Overfull \hbox (686.34807pt too wide) in paragraph at lines 1932--1935
 [][] 
 []


Underfull \vbox (badness 10000) detected at line 1954
 []

[68]
Overfull \hbox (23.55704pt too wide) in alignment at lines 1956--1969
 [][][] []
 []


Overfull \hbox (222.3869pt too wide) in paragraph at lines 2022--2023
 [][] 
 []

[69] [70]
Overfull \hbox (5.98564pt too wide) in alignment at lines 2062--2103
 [] [] [] 
 []


Underfull \vbox (badness 10000) detected at line 2103
 []


Underfull \vbox (badness 10000) detected at line 2189
 []

[71] [72] [73] [74] [75]
Overfull \hbox (520.18645pt too wide) in paragraph at lines 2568--2573
 [][] 
 []


Underfull \hbox (badness 10000) in paragraph at lines 2578--2579

 []

[76]
Underfull \hbox (badness 10000) in paragraph at lines 2599--2626

 []

[77]
Underfull \hbox (badness 10000) in paragraph at lines 2637--2638

 []


Overfull \hbox (2.97754pt too wide) in paragraph at lines 2639--2643
\OT1/cmr/m/n/12 2\OML/cmm/m/it/12 z[]w[]x[]y[] \OT1/cmr/m/n/12 + 2\OML/cmm/m/it
/12 z[]w[]x[]y[] \OT1/cmr/m/n/12 + \OML/cmm/m/it/12 w[]x[]y[]z[] \OT1/cmr/m/n/1
2 + 4\OML/cmm/m/it/12 z[]w[]x[]y[] \OT1/cmr/m/n/12 + 3\OML/cmm/m/it/12 z[]w[]x[
]y[] \OT1/cmr/m/n/12 + \OML/cmm/m/it/12 w[]x[]y[]z[] \OT1/cmr/m/n/12 +
 []


Overfull \hbox (5.52245pt too wide) in paragraph at lines 2639--2643
\OT1/cmr/m/n/12 3\OML/cmm/m/it/12 w[]x[]y[]z[]$\T1/cmr/m/n/12 , $\OML/cmm/m/it/
12 m[] \OT1/cmr/m/n/12 = \OML/cmm/m/it/12 w[]x[]y[]z[] \OT1/cmr/m/n/12 + 2\OML/
cmm/m/it/12 w[]x[]y[]z[]$\T1/cmr/m/n/12 , $\OML/cmm/m/it/12 m[] \OT1/cmr/m/n/12
 = \OML/cmm/m/it/12 w[]x[]y[]z[] \OT1/cmr/m/n/12 + 2\OML/cmm/m/it/12 z[]w[]x[]y
[] \OT1/cmr/m/n/12 +
 []


Overfull \hbox (1.37988pt too wide) in paragraph at lines 2639--2643
\OML/cmm/m/it/12 w[]x[]y[]z[]$\T1/cmr/m/n/12 , $\OML/cmm/m/it/12 m[] \OT1/cmr/m
/n/12 = \OML/cmm/m/it/12 w[]x[]y[] \OT1/cmr/m/n/12 + \OML/cmm/m/it/12 w[]x[]y[]
 \OT1/cmr/m/n/12 + \OML/cmm/m/it/12 w[]x[]y[]z[] \OT1/cmr/m/n/12 + \OML/cmm/m/i
t/12 w[]x[]y[]z \OT1/cmr/m/n/12 + \OML/cmm/m/it/12 w[]x[]y[]z[]$\T1/cmr/m/n/12 
,
 []


Underfull \hbox (badness 10000) in paragraph at lines 2639--2643

 []


Underfull \hbox (badness 10000) in paragraph at lines 2643--2644

 []


Underfull \hbox (badness 10000) in paragraph at lines 2645--2657

 []


Underfull \hbox (badness 10000) in paragraph at lines 2645--2657

 []

[78]
Underfull \vbox (badness 10000) detected at line 2697
 []

[79]
Overfull \hbox (520.18645pt too wide) in paragraph at lines 2716--2722
 [][] 
 []


Underfull \hbox (badness 10000) in paragraph at lines 2725--2726

 []


Underfull \hbox (badness 10000) in paragraph at lines 2727--2735

 []


Underfull \hbox (badness 10000) in paragraph at lines 2735--2744

 []

[80]
Underfull \hbox (badness 10000) in paragraph at lines 2744--2754

 []


Underfull \hbox (badness 10000) in paragraph at lines 2754--2764

 []


Underfull \hbox (badness 10000) in paragraph at lines 2764--2774

 []


Underfull \vbox (badness 10000) detected at line 2879
 []

[81] [82] [83]
Overfull \hbox (15.11966pt too wide) in alignment at lines 2948--2954
 [][][] []
 []

[84]) [85]
\openout2 = `AutomatumF.aux'.

 (./AutomatumF.tex
Chapitre 3.

Overfull \hbox (561.72368pt too wide) in paragraph at lines 17--37
 [][] 
 []


Overfull \hbox (561.72368pt too wide) in paragraph at lines 41--70
 [][] 
 []

[86



] [87]
Overfull \hbox (478.64287pt too wide) in paragraph at lines 100--115
 [][] 
 []

[88] [89] [90] [91]
Overfull \hbox (474.49104pt too wide) in paragraph at lines 195--245
 [][] 
 []

[92] [93] [94] [95]
Overfull \hbox (603.26726pt too wide) in paragraph at lines 331--336
 [][] 
 []


Overfull \hbox (603.26726pt too wide) in paragraph at lines 340--346
 [][] 
 []


Underfull \vbox (badness 10000) detected at line 417
 []

[96]
Overfull \hbox (686.34807pt too wide) in paragraph at lines 430--435
 [][] 
 []


Overfull \hbox (686.34807pt too wide) in paragraph at lines 439--446
 [][] 
 []


Overfull \hbox (686.34807pt too wide) in paragraph at lines 450--456
 [][] 
 []


Overfull \hbox (686.34807pt too wide) in paragraph at lines 460--466
 [][] 
 []


Overfull \hbox (603.26726pt too wide) in paragraph at lines 477--484
 [][] 
 []


Overfull \hbox (603.26726pt too wide) in paragraph at lines 488--494
 [][] 
 []


Overfull \hbox (686.34807pt too wide) in paragraph at lines 504--509
 [][] 
 []


Overfull \hbox (686.34807pt too wide) in paragraph at lines 513--520
 [][] 
 []


Overfull \hbox (686.34807pt too wide) in paragraph at lines 524--530
 [][] 
 []


Overfull \hbox (686.34807pt too wide) in paragraph at lines 534--540
 [][] 
 []


Overfull \hbox (686.34807pt too wide) in paragraph at lines 550--556
 [][] 
 []


Overfull \hbox (686.34807pt too wide) in paragraph at lines 560--567
 [][] 
 []


Overfull \hbox (686.34807pt too wide) in paragraph at lines 571--578
 [][] 
 []


Overfull \hbox (686.34807pt too wide) in paragraph at lines 582--590
 [][] 
 []


Overfull \hbox (686.34807pt too wide) in paragraph at lines 601--607
 [][] 
 []


Overfull \hbox (686.34807pt too wide) in paragraph at lines 611--617
 [][] 
 []


Overfull \hbox (686.34807pt too wide) in paragraph at lines 621--627
 [][] 
 []


Overfull \hbox (686.34807pt too wide) in paragraph at lines 631--638
 [][] 
 []


Overfull \hbox (686.34807pt too wide) in paragraph at lines 645--652
 [][] 
 []


Overfull \hbox (669.73444pt too wide) in paragraph at lines 656--663
 [][] 
 []


Overfull \hbox (636.50085pt too wide) in paragraph at lines 667--675
 [][] 
 []


Underfull \hbox (badness 10000) in paragraph at lines 595--680

 []


Overfull \hbox (686.34807pt too wide) in paragraph at lines 691--697
 [][] 
 []


Overfull \hbox (686.34807pt too wide) in paragraph at lines 701--708
 [][] 
 []


Overfull \hbox (686.34807pt too wide) in paragraph at lines 712--719
 [][] 
 []


Overfull \hbox (686.34807pt too wide) in paragraph at lines 723--731
 [][] 
 []


Overfull \hbox (686.34807pt too wide) in paragraph at lines 742--749
 [][] 
 []


Overfull \hbox (686.34807pt too wide) in paragraph at lines 753--760
 [][] 
 []


Overfull \hbox (686.34807pt too wide) in paragraph at lines 764--771
 [][] 
 []


Overfull \hbox (686.34807pt too wide) in paragraph at lines 775--783
 [][] 
 []


Overfull \hbox (686.34807pt too wide) in paragraph at lines 790--798
 [][] 
 []


Overfull \hbox (669.73444pt too wide) in paragraph at lines 802--810
 [][] 
 []


Overfull \hbox (636.50085pt too wide) in paragraph at lines 814--823
 [][] 
 []


Underfull \hbox (badness 10000) in paragraph at lines 736--828

 []

[97] [98] [99]) [100] [101]
\openout2 = `Aspects_algorithimiques.aux'.

 (./Aspects_algorithimiques.tex
Chapitre 4.
[102



]

LaTeX Warning: Command \textquoteright invalid in math mode on input line 36.


LaTeX Warning: Command \textquoteright invalid in math mode on input line 36.


LaTeX Warning: Command \textquoteright invalid in math mode on input line 36.


LaTeX Warning: Command \textquoteright invalid in math mode on input line 36.


LaTeX Warning: Command \textquoteright invalid in math mode on input line 36.


LaTeX Warning: Command \textquoteright invalid in math mode on input line 36.


LaTeX Warning: Command \textquoteright invalid in math mode on input line 36.


LaTeX Warning: Command \textquoteright invalid in math mode on input line 36.


LaTeX Warning: Command \textquoteright invalid in math mode on input line 36.

[103]

LaTeX Warning: Command \textquoteright invalid in math mode on input line 39.


LaTeX Warning: Command \textquoteright invalid in math mode on input line 42.


LaTeX Warning: Command \textquoteright invalid in math mode on input line 43.


LaTeX Warning: Command \textquoteright invalid in math mode on input line 48.

[104] [105] [106] [107] [108]
Overfull \hbox (3.51512pt too wide) in alignment at lines 114--119
 [][][] []
 []

[109] [110] [111] [112] [113] [114]
Underfull \hbox (badness 10000) in paragraph at lines 221--222

 []

) [115] [116]
\openout2 = `Conclusion_et_perspectives.aux'.

 (./Conclusion_et_perspectives.tex [117



] [118]) [119]
(./Redaction2.bbl
LaTeX Font Info:    Trying to load font information for T1+cmtt on input line 4
5.
 (/usr/share/texlive/texmf-dist/tex/latex/base/t1cmtt.fd
File: t1cmtt.fd 2019/12/16 v2.5j Standard LaTeX font definitions
)
[120


]
Underfull \hbox (badness 1533) in paragraph at lines 92--96
[]\T1/cmr/m/n/12 Gouyou-Beauchamps, D. et Vien-not, G.-X. (1988).  Equi-va-lenc
e of two-
 []

[121]) [122] (./Redaction2.aux (./nom_de_fichier_des_remerciements.aux)
(./nom_de_fichier_du_resume.aux) (./Abstract.aux) (./Introduction.aux)
(./PreÃÅliminaires.aux) (./Automatum.aux) (./AutomatumF.aux)
(./Aspects_algorithimiques.aux) (./Conclusion_et_perspectives.aux))

LaTeX Warning: There were multiply-defined labels.

 ) 
Here is how much of TeX's memory you used:
 26246 strings out of 481239
 498500 string characters out of 5920377
 920261 words of memory out of 5000000
 40986 multiletter control sequences out of 15000+600000
 553885 words of font info for 80 fonts, out of 8000000 for 9000
 1141 hyphenation exceptions out of 8191
 68i,16n,100p,1559b,1567s stack positions out of 5000i,500n,10000p,200000b,80000s
{/usr/share/texmf/fonts/enc/dvips/cm-super/cm-super-t1.enc}</usr/share/texliv
e/texmf-dist/fonts/type1/public/amsfonts/cm/cmbx12.pfb></usr/share/texlive/texm
f-dist/fonts/type1/public/amsfonts/cm/cmex10.pfb></usr/share/texlive/texmf-dist
/fonts/type1/public/amsfonts/cm/cmmi10.pfb></usr/share/texlive/texmf-dist/fonts
/type1/public/amsfonts/cm/cmmi12.pfb></usr/share/texlive/texmf-dist/fonts/type1
/public/amsfonts/cm/cmmi5.pfb></usr/share/texlive/texmf-dist/fonts/type1/public
/amsfonts/cm/cmmi6.pfb></usr/share/texlive/texmf-dist/fonts/type1/public/amsfon
ts/cm/cmmi8.pfb></usr/share/texlive/texmf-dist/fonts/type1/public/amsfonts/cm/c
mr10.pfb></usr/share/texlive/texmf-dist/fonts/type1/public/amsfonts/cm/cmr12.pf
b></usr/share/texlive/texmf-dist/fonts/type1/public/amsfonts/cm/cmr5.pfb></usr/
share/texlive/texmf-dist/fonts/type1/public/amsfonts/cm/cmr6.pfb></usr/share/te
xlive/texmf-dist/fonts/type1/public/amsfonts/cm/cmr8.pfb></usr/share/texlive/te
xmf-dist/fonts/type1/public/amsfonts/cm/cmsy10.pfb></usr/share/texlive/texmf-di
st/fonts/type1/public/amsfonts/cm/cmsy6.pfb></usr/share/texlive/texmf-dist/font
s/type1/public/amsfonts/cm/cmsy8.pfb></usr/share/texlive/texmf-dist/fonts/type1
/public/amsfonts/cm/cmti12.pfb></usr/share/texlive/texmf-dist/fonts/type1/publi
c/amsfonts/euler/eufm10.pfb></usr/share/texlive/texmf-dist/fonts/type1/public/a
msfonts/symbols/msbm10.pfb></usr/share/texmf/fonts/type1/public/cm-super/sfbx12
00.pfb></usr/share/texmf/fonts/type1/public/cm-super/sfcc1200.pfb></usr/share/t
exmf/fonts/type1/public/cm-super/sfrm0600.pfb></usr/share/texmf/fonts/type1/pub
lic/cm-super/sfrm0800.pfb></usr/share/texmf/fonts/type1/public/cm-super/sfrm100
0.pfb></usr/share/texmf/fonts/type1/public/cm-super/sfrm1095.pfb></usr/share/te
xmf/fonts/type1/public/cm-super/sfrm1200.pfb></usr/share/texmf/fonts/type1/publ
ic/cm-super/sfrm1440.pfb></usr/share/texmf/fonts/type1/public/cm-super/sfti0800
.pfb></usr/share/texmf/fonts/type1/public/cm-super/sfti1200.pfb></usr/share/tex
mf/fonts/type1/public/cm-super/sftt1200.pfb>
Output written on Redaction2.pdf (132 pages, 670267 bytes).
PDF statistics:
 550 PDF objects out of 1000 (max. 8388607)
 383 compressed objects within 4 object streams
 0 named destinations out of 1000 (max. 500000)
 13 words of extra memory for PDF output out of 10000 (max. 10000000)

